{"D:\\Projects\\IT_Incubator_Projects\\Backend_repositories\\__tests__\\utils\\blogsTestManager.ts": {"path":"D:\\Projects\\IT_Incubator_Projects\\Backend_repositories\\__tests__\\utils\\blogsTestManager.ts","statementMap":{"0":{"start":{"line":1,"column":0},"end":{"line":1,"column":46}},"1":{"start":{"line":2,"column":0},"end":{"line":2,"column":42}},"2":{"start":{"line":3,"column":0},"end":{"line":3,"column":34}},"3":{"start":{"line":4,"column":0},"end":{"line":4,"column":44}},"4":{"start":{"line":6,"column":13},"end":{"line":83,"column":null}},"5":{"start":{"line":7,"column":21},"end":{"line":35,"column":null}},"6":{"start":{"line":9,"column":22},"end":{"line":9,"column":53}},"7":{"start":{"line":10,"column":26},"end":{"line":10,"column":50}},"8":{"start":{"line":13,"column":25},"end":{"line":17,"column":35}},"9":{"start":{"line":21,"column":8},"end":{"line":32,"column":9}},"10":{"start":{"line":22,"column":12},"end":{"line":22,"column":null}},"11":{"start":{"line":23,"column":12},"end":{"line":30,"column":null}},"12":{"start":{"line":31,"column":12},"end":{"line":31,"column":null}},"13":{"start":{"line":34,"column":8},"end":{"line":34,"column":null}},"14":{"start":{"line":38,"column":25},"end":{"line":40,"column":35}},"15":{"start":{"line":42,"column":8},"end":{"line":49,"column":null}},"16":{"start":{"line":51,"column":8},"end":{"line":51,"column":null}},"17":{"start":{"line":53,"column":8},"end":{"line":53,"column":null}},"18":{"start":{"line":56,"column":21},"end":{"line":65,"column":null}},"19":{"start":{"line":57,"column":22},"end":{"line":57,"column":53}},"20":{"start":{"line":58,"column":26},"end":{"line":58,"column":50}},"21":{"start":{"line":60,"column":8},"end":{"line":64,"column":null}},"22":{"start":{"line":66,"column":21},"end":{"line":82,"column":null}},"23":{"start":{"line":67,"column":22},"end":{"line":67,"column":53}},"24":{"start":{"line":68,"column":26},"end":{"line":68,"column":50}},"25":{"start":{"line":70,"column":25},"end":{"line":73,"column":35}},"26":{"start":{"line":75,"column":8},"end":{"line":75,"column":50}}},"fnMap":{"0":{"name":"(anonymous_7)","decl":{"start":{"line":7,"column":10},"end":{"line":7,"column":20}},"loc":{"start":{"line":7,"column":20},"end":{"line":35,"column":null}}},"1":{"name":"(anonymous_8)","decl":{"start":{"line":7,"column":21},"end":{"line":7,"column":30}},"loc":{"start":{"line":7,"column":88},"end":{"line":35,"column":5}}},"2":{"name":"(anonymous_9)","decl":{"start":{"line":37,"column":10},"end":{"line":37,"column":21}},"loc":{"start":{"line":37,"column":32},"end":{"line":54,"column":null}}},"3":{"name":"(anonymous_11)","decl":{"start":{"line":56,"column":10},"end":{"line":56,"column":20}},"loc":{"start":{"line":56,"column":20},"end":{"line":65,"column":null}}},"4":{"name":"(anonymous_12)","decl":{"start":{"line":56,"column":21},"end":{"line":56,"column":30}},"loc":{"start":{"line":56,"column":100},"end":{"line":65,"column":5}}},"5":{"name":"(anonymous_13)","decl":{"start":{"line":66,"column":10},"end":{"line":66,"column":20}},"loc":{"start":{"line":66,"column":20},"end":{"line":82,"column":null}}},"6":{"name":"(anonymous_14)","decl":{"start":{"line":66,"column":21},"end":{"line":66,"column":31}},"loc":{"start":{"line":66,"column":92},"end":{"line":82,"column":5}}}},"branchMap":{"0":{"loc":{"start":{"line":7,"column":52},"end":{"line":7,"column":88}},"type":"default-arg","locations":[{"start":{"line":7,"column":69},"end":{"line":7,"column":88}}]},"1":{"loc":{"start":{"line":21,"column":8},"end":{"line":32,"column":9}},"type":"if","locations":[{"start":{"line":21,"column":8},"end":{"line":32,"column":9}}]},"2":{"loc":{"start":{"line":56,"column":64},"end":{"line":56,"column":100}},"type":"default-arg","locations":[{"start":{"line":56,"column":81},"end":{"line":56,"column":100}}]},"3":{"loc":{"start":{"line":66,"column":53},"end":{"line":66,"column":92}},"type":"default-arg","locations":[{"start":{"line":66,"column":70},"end":{"line":66,"column":92}}]}},"s":{"0":1,"1":1,"2":1,"3":1,"4":1,"5":2,"6":2,"7":2,"8":2,"9":2,"10":1,"11":1,"12":1,"13":2,"14":1,"15":1,"16":1,"17":1,"18":1,"19":1,"20":1,"21":1,"22":2,"23":2,"24":2,"25":2,"26":2},"f":{"0":2,"1":2,"2":1,"3":1,"4":1,"5":2,"6":2},"b":{"0":[0],"1":[1],"2":[0],"3":[0]}}
,"D:\\Projects\\IT_Incubator_Projects\\Backend_repositories\\src\\app.ts": {"path":"D:\\Projects\\IT_Incubator_Projects\\Backend_repositories\\src\\app.ts","statementMap":{"0":{"start":{"line":1,"column":0},"end":{"line":1,"column":52}},"1":{"start":{"line":2,"column":0},"end":{"line":2,"column":59}},"2":{"start":{"line":3,"column":0},"end":{"line":3,"column":37}},"3":{"start":{"line":4,"column":0},"end":{"line":4,"column":56}},"4":{"start":{"line":5,"column":0},"end":{"line":5,"column":57}},"5":{"start":{"line":7,"column":13},"end":{"line":7,"column":null}},"6":{"start":{"line":9,"column":23},"end":{"line":9,"column":37}},"7":{"start":{"line":11,"column":0},"end":{"line":11,"column":null}},"8":{"start":{"line":13,"column":0},"end":{"line":13,"column":null}},"9":{"start":{"line":13,"column":46},"end":{"line":13,"column":72}},"10":{"start":{"line":14,"column":0},"end":{"line":14,"column":null}},"11":{"start":{"line":15,"column":0},"end":{"line":15,"column":null}},"12":{"start":{"line":16,"column":0},"end":{"line":16,"column":null}}},"fnMap":{"0":{"name":"(anonymous_1)","decl":{"start":{"line":13,"column":13},"end":{"line":13,"column":14}},"loc":{"start":{"line":13,"column":46},"end":{"line":13,"column":72}}}},"branchMap":{},"s":{"0":1,"1":1,"2":1,"3":1,"4":1,"5":1,"6":1,"7":1,"8":1,"9":1,"10":1,"11":1,"12":1},"f":{"0":1},"b":{}}
,"D:\\Projects\\IT_Incubator_Projects\\Backend_repositories\\src\\settings.ts": {"path":"D:\\Projects\\IT_Incubator_Projects\\Backend_repositories\\src\\settings.ts","statementMap":{"0":{"start":{"line":1,"column":0},"end":{"line":1,"column":31}},"1":{"start":{"line":3,"column":0},"end":{"line":3,"column":null}},"2":{"start":{"line":5,"column":13},"end":{"line":14,"column":null}}},"fnMap":{},"branchMap":{"0":{"loc":{"start":{"line":6,"column":7},"end":{"line":6,"column":31}},"type":"binary-expr","locations":[{"start":{"line":6,"column":7},"end":{"line":6,"column":23}},{"start":{"line":6,"column":27},"end":{"line":6,"column":31}}]},"1":{"loc":{"start":{"line":13,"column":13},"end":{"line":13,"column":41}},"type":"binary-expr","locations":[{"start":{"line":13,"column":13},"end":{"line":13,"column":35}},{"start":{"line":13,"column":39},"end":{"line":13,"column":41}}]}},"s":{"0":1,"1":1,"2":1},"f":{},"b":{"0":[1,0],"1":[1,0]}}
,"D:\\Projects\\IT_Incubator_Projects\\Backend_repositories\\src\\db\\db.ts": {"path":"D:\\Projects\\IT_Incubator_Projects\\Backend_repositories\\src\\db\\db.ts","statementMap":{"0":{"start":{"line":1,"column":0},"end":{"line":1,"column":37}},"1":{"start":{"line":2,"column":0},"end":{"line":2,"column":38}},"2":{"start":{"line":28,"column":18},"end":{"line":28,"column":36}},"3":{"start":{"line":29,"column":0},"end":{"line":29,"column":null}},"4":{"start":{"line":30,"column":0},"end":{"line":32,"column":1}},"5":{"start":{"line":31,"column":1},"end":{"line":31,"column":null}},"6":{"start":{"line":33,"column":15},"end":{"line":33,"column":41}},"7":{"start":{"line":34,"column":11},"end":{"line":34,"column":22}},"8":{"start":{"line":35,"column":13},"end":{"line":35,"column":null}},"9":{"start":{"line":36,"column":13},"end":{"line":36,"column":null}},"10":{"start":{"line":39,"column":1},"end":{"line":44,"column":2}},"11":{"start":{"line":40,"column":2},"end":{"line":40,"column":null}},"12":{"start":{"line":41,"column":2},"end":{"line":41,"column":null}},"13":{"start":{"line":43,"column":2},"end":{"line":43,"column":null}},"14":{"start":{"line":38,"column":0},"end":{"line":38,"column":22}}},"fnMap":{"0":{"name":"runDb","decl":{"start":{"line":38,"column":22},"end":{"line":38,"column":27}},"loc":{"start":{"line":38,"column":27},"end":{"line":45,"column":null}}}},"branchMap":{"0":{"loc":{"start":{"line":30,"column":0},"end":{"line":32,"column":1}},"type":"if","locations":[{"start":{"line":30,"column":0},"end":{"line":32,"column":1}}]}},"s":{"0":1,"1":1,"2":1,"3":1,"4":1,"5":0,"6":1,"7":1,"8":1,"9":1,"10":0,"11":0,"12":0,"13":0,"14":1},"f":{"0":0},"b":{"0":[0]}}
,"D:\\Projects\\IT_Incubator_Projects\\Backend_repositories\\src\\features\\blogs\\blogs.router.ts": {"path":"D:\\Projects\\IT_Incubator_Projects\\Backend_repositories\\src\\features\\blogs\\blogs.router.ts","statementMap":{"0":{"start":{"line":1,"column":0},"end":{"line":1,"column":51}},"1":{"start":{"line":4,"column":0},"end":{"line":4,"column":69}},"2":{"start":{"line":5,"column":0},"end":{"line":5,"column":47}},"3":{"start":{"line":6,"column":0},"end":{"line":6,"column":57}},"4":{"start":{"line":7,"column":0},"end":{"line":7,"column":87}},"5":{"start":{"line":8,"column":0},"end":{"line":8,"column":66}},"6":{"start":{"line":10,"column":23},"end":{"line":15,"column":10}},"7":{"start":{"line":20,"column":30},"end":{"line":25,"column":10}},"8":{"start":{"line":29,"column":29},"end":{"line":37,"column":9}},"9":{"start":{"line":39,"column":13},"end":{"line":39,"column":null}},"10":{"start":{"line":41,"column":0},"end":{"line":55,"column":null}},"11":{"start":{"line":46,"column":5},"end":{"line":54,"column":null}},"12":{"start":{"line":47,"column":2},"end":{"line":53,"column":3}},"13":{"start":{"line":48,"column":18},"end":{"line":48,"column":59}},"14":{"start":{"line":49,"column":3},"end":{"line":49,"column":null}},"15":{"start":{"line":51,"column":18},"end":{"line":51,"column":50}},"16":{"start":{"line":52,"column":3},"end":{"line":52,"column":null}},"17":{"start":{"line":57,"column":0},"end":{"line":77,"column":null}},"18":{"start":{"line":69,"column":5},"end":{"line":76,"column":null}},"19":{"start":{"line":70,"column":17},"end":{"line":70,"column":59}},"20":{"start":{"line":71,"column":2},"end":{"line":75,"column":3}},"21":{"start":{"line":72,"column":3},"end":{"line":72,"column":null}},"22":{"start":{"line":74,"column":3},"end":{"line":74,"column":null}},"23":{"start":{"line":79,"column":0},"end":{"line":93,"column":null}},"24":{"start":{"line":84,"column":5},"end":{"line":92,"column":null}},"25":{"start":{"line":85,"column":17},"end":{"line":85,"column":66}},"26":{"start":{"line":87,"column":2},"end":{"line":91,"column":3}},"27":{"start":{"line":88,"column":3},"end":{"line":88,"column":null}},"28":{"start":{"line":90,"column":3},"end":{"line":90,"column":null}},"29":{"start":{"line":95,"column":0},"end":{"line":116,"column":null}},"30":{"start":{"line":107,"column":5},"end":{"line":115,"column":null}},"31":{"start":{"line":108,"column":17},"end":{"line":108,"column":74}},"32":{"start":{"line":110,"column":2},"end":{"line":114,"column":3}},"33":{"start":{"line":111,"column":3},"end":{"line":111,"column":null}},"34":{"start":{"line":113,"column":3},"end":{"line":113,"column":null}},"35":{"start":{"line":118,"column":0},"end":{"line":129,"column":null}},"36":{"start":{"line":121,"column":55},"end":{"line":128,"column":null}},"37":{"start":{"line":122,"column":17},"end":{"line":122,"column":64}},"38":{"start":{"line":123,"column":2},"end":{"line":127,"column":3}},"39":{"start":{"line":124,"column":3},"end":{"line":124,"column":null}},"40":{"start":{"line":126,"column":3},"end":{"line":126,"column":null}}},"fnMap":{"0":{"name":"(anonymous_7)","decl":{"start":{"line":43,"column":1},"end":{"line":43,"column":null}},"loc":{"start":{"line":46,"column":5},"end":{"line":54,"column":null}}},"1":{"name":"(anonymous_8)","decl":{"start":{"line":46,"column":5},"end":{"line":46,"column":null}},"loc":{"start":{"line":46,"column":5},"end":{"line":54,"column":2}}},"2":{"name":"(anonymous_9)","decl":{"start":{"line":66,"column":1},"end":{"line":66,"column":null}},"loc":{"start":{"line":69,"column":5},"end":{"line":76,"column":null}}},"3":{"name":"(anonymous_10)","decl":{"start":{"line":69,"column":5},"end":{"line":69,"column":null}},"loc":{"start":{"line":69,"column":5},"end":{"line":76,"column":2}}},"4":{"name":"(anonymous_11)","decl":{"start":{"line":81,"column":1},"end":{"line":81,"column":null}},"loc":{"start":{"line":84,"column":5},"end":{"line":92,"column":null}}},"5":{"name":"(anonymous_12)","decl":{"start":{"line":84,"column":5},"end":{"line":84,"column":null}},"loc":{"start":{"line":84,"column":5},"end":{"line":92,"column":2}}},"6":{"name":"(anonymous_13)","decl":{"start":{"line":104,"column":1},"end":{"line":104,"column":null}},"loc":{"start":{"line":107,"column":5},"end":{"line":115,"column":null}}},"7":{"name":"(anonymous_14)","decl":{"start":{"line":107,"column":5},"end":{"line":107,"column":null}},"loc":{"start":{"line":107,"column":5},"end":{"line":115,"column":2}}},"8":{"name":"(anonymous_15)","decl":{"start":{"line":121,"column":1},"end":{"line":121,"column":8}},"loc":{"start":{"line":121,"column":55},"end":{"line":128,"column":null}}},"9":{"name":"(anonymous_16)","decl":{"start":{"line":121,"column":55},"end":{"line":121,"column":null}},"loc":{"start":{"line":121,"column":55},"end":{"line":128,"column":2}}}},"branchMap":{"0":{"loc":{"start":{"line":47,"column":2},"end":{"line":53,"column":3}},"type":"if","locations":[{"start":{"line":47,"column":2},"end":{"line":53,"column":3}},{"start":{"line":50,"column":9},"end":{"line":53,"column":3}}]},"1":{"loc":{"start":{"line":47,"column":6},"end":{"line":47,"column":69}},"type":"binary-expr","locations":[{"start":{"line":47,"column":6},"end":{"line":47,"column":26}},{"start":{"line":47,"column":30},"end":{"line":47,"column":44}},{"start":{"line":47,"column":48},"end":{"line":47,"column":69}}]},"2":{"loc":{"start":{"line":71,"column":2},"end":{"line":75,"column":3}},"type":"if","locations":[{"start":{"line":71,"column":2},"end":{"line":75,"column":3}},{"start":{"line":73,"column":9},"end":{"line":75,"column":3}}]},"3":{"loc":{"start":{"line":87,"column":2},"end":{"line":91,"column":3}},"type":"if","locations":[{"start":{"line":87,"column":2},"end":{"line":91,"column":3}},{"start":{"line":89,"column":9},"end":{"line":91,"column":3}}]},"4":{"loc":{"start":{"line":110,"column":2},"end":{"line":114,"column":3}},"type":"if","locations":[{"start":{"line":110,"column":2},"end":{"line":114,"column":3}},{"start":{"line":112,"column":9},"end":{"line":114,"column":3}}]},"5":{"loc":{"start":{"line":123,"column":2},"end":{"line":127,"column":3}},"type":"if","locations":[{"start":{"line":123,"column":2},"end":{"line":127,"column":3}},{"start":{"line":125,"column":9},"end":{"line":127,"column":3}}]}},"s":{"0":1,"1":1,"2":1,"3":1,"4":1,"5":1,"6":1,"7":1,"8":1,"9":1,"10":1,"11":1,"12":1,"13":0,"14":0,"15":1,"16":1,"17":1,"18":1,"19":1,"20":1,"21":1,"22":0,"23":1,"24":1,"25":1,"26":1,"27":1,"28":0,"29":1,"30":1,"31":1,"32":1,"33":0,"34":1,"35":1,"36":2,"37":2,"38":2,"39":1,"40":1},"f":{"0":1,"1":1,"2":1,"3":1,"4":1,"5":1,"6":1,"7":1,"8":2,"9":2},"b":{"0":[0,1],"1":[1,1,1],"2":[1,0],"3":[1,0],"4":[0,1],"5":[1,1]}}
,"D:\\Projects\\IT_Incubator_Projects\\Backend_repositories\\src\\features\\posts\\post.router.ts": {"path":"D:\\Projects\\IT_Incubator_Projects\\Backend_repositories\\src\\features\\posts\\post.router.ts","statementMap":{"0":{"start":{"line":1,"column":0},"end":{"line":1,"column":49}},"1":{"start":{"line":4,"column":0},"end":{"line":4,"column":67}},"2":{"start":{"line":5,"column":0},"end":{"line":5,"column":64}},"3":{"start":{"line":6,"column":0},"end":{"line":6,"column":55}},"4":{"start":{"line":7,"column":0},"end":{"line":7,"column":45}},"5":{"start":{"line":8,"column":0},"end":{"line":8,"column":85}},"6":{"start":{"line":9,"column":0},"end":{"line":9,"column":43}},"7":{"start":{"line":11,"column":24},"end":{"line":16,"column":13}},"8":{"start":{"line":21,"column":35},"end":{"line":26,"column":13}},"9":{"start":{"line":31,"column":26},"end":{"line":36,"column":13}},"10":{"start":{"line":41,"column":25},"end":{"line":52,"column":13}},"11":{"start":{"line":46,"column":26},"end":{"line":51,"column":6}},"12":{"start":{"line":47,"column":26},"end":{"line":47,"column":69}},"13":{"start":{"line":48,"column":8},"end":{"line":50,"column":9}},"14":{"start":{"line":49,"column":12},"end":{"line":49,"column":null}},"15":{"start":{"line":57,"column":13},"end":{"line":57,"column":null}},"16":{"start":{"line":59,"column":0},"end":{"line":78,"column":null}},"17":{"start":{"line":64,"column":8},"end":{"line":77,"column":null}},"18":{"start":{"line":65,"column":8},"end":{"line":76,"column":9}},"19":{"start":{"line":71,"column":27},"end":{"line":71,"column":68}},"20":{"start":{"line":72,"column":12},"end":{"line":72,"column":null}},"21":{"start":{"line":74,"column":27},"end":{"line":74,"column":59}},"22":{"start":{"line":75,"column":12},"end":{"line":75,"column":null}},"23":{"start":{"line":80,"column":0},"end":{"line":94,"column":null}},"24":{"start":{"line":85,"column":8},"end":{"line":93,"column":null}},"25":{"start":{"line":86,"column":23},"end":{"line":86,"column":71}},"26":{"start":{"line":88,"column":8},"end":{"line":92,"column":9}},"27":{"start":{"line":89,"column":12},"end":{"line":89,"column":null}},"28":{"start":{"line":91,"column":12},"end":{"line":91,"column":null}},"29":{"start":{"line":96,"column":0},"end":{"line":117,"column":null}},"30":{"start":{"line":109,"column":8},"end":{"line":116,"column":null}},"31":{"start":{"line":110,"column":23},"end":{"line":110,"column":65}},"32":{"start":{"line":111,"column":8},"end":{"line":115,"column":9}},"33":{"start":{"line":112,"column":12},"end":{"line":112,"column":null}},"34":{"start":{"line":114,"column":12},"end":{"line":114,"column":null}},"35":{"start":{"line":119,"column":0},"end":{"line":141,"column":null}},"36":{"start":{"line":132,"column":8},"end":{"line":140,"column":null}},"37":{"start":{"line":133,"column":23},"end":{"line":133,"column":80}},"38":{"start":{"line":135,"column":8},"end":{"line":139,"column":9}},"39":{"start":{"line":136,"column":12},"end":{"line":136,"column":null}},"40":{"start":{"line":138,"column":12},"end":{"line":138,"column":null}},"41":{"start":{"line":143,"column":0},"end":{"line":154,"column":null}},"42":{"start":{"line":146,"column":58},"end":{"line":153,"column":null}},"43":{"start":{"line":147,"column":23},"end":{"line":147,"column":70}},"44":{"start":{"line":148,"column":8},"end":{"line":152,"column":9}},"45":{"start":{"line":149,"column":12},"end":{"line":149,"column":null}},"46":{"start":{"line":151,"column":12},"end":{"line":151,"column":null}}},"fnMap":{"0":{"name":"(anonymous_7)","decl":{"start":{"line":46,"column":12},"end":{"line":46,"column":18}},"loc":{"start":{"line":46,"column":26},"end":{"line":51,"column":6}}},"1":{"name":"(anonymous_8)","decl":{"start":{"line":46,"column":26},"end":{"line":46,"column":null}},"loc":{"start":{"line":46,"column":26},"end":{"line":51,"column":5}}},"2":{"name":"(anonymous_9)","decl":{"start":{"line":61,"column":4},"end":{"line":61,"column":null}},"loc":{"start":{"line":64,"column":8},"end":{"line":77,"column":null}}},"3":{"name":"(anonymous_10)","decl":{"start":{"line":64,"column":8},"end":{"line":64,"column":null}},"loc":{"start":{"line":64,"column":8},"end":{"line":77,"column":5}}},"4":{"name":"(anonymous_11)","decl":{"start":{"line":82,"column":4},"end":{"line":82,"column":null}},"loc":{"start":{"line":85,"column":8},"end":{"line":93,"column":null}}},"5":{"name":"(anonymous_12)","decl":{"start":{"line":85,"column":8},"end":{"line":85,"column":null}},"loc":{"start":{"line":85,"column":8},"end":{"line":93,"column":5}}},"6":{"name":"(anonymous_13)","decl":{"start":{"line":106,"column":4},"end":{"line":106,"column":null}},"loc":{"start":{"line":109,"column":8},"end":{"line":116,"column":null}}},"7":{"name":"(anonymous_14)","decl":{"start":{"line":109,"column":8},"end":{"line":109,"column":null}},"loc":{"start":{"line":109,"column":8},"end":{"line":116,"column":5}}},"8":{"name":"(anonymous_15)","decl":{"start":{"line":129,"column":4},"end":{"line":129,"column":null}},"loc":{"start":{"line":132,"column":8},"end":{"line":140,"column":null}}},"9":{"name":"(anonymous_16)","decl":{"start":{"line":132,"column":8},"end":{"line":132,"column":null}},"loc":{"start":{"line":132,"column":8},"end":{"line":140,"column":5}}},"10":{"name":"(anonymous_17)","decl":{"start":{"line":146,"column":4},"end":{"line":146,"column":11}},"loc":{"start":{"line":146,"column":58},"end":{"line":153,"column":null}}},"11":{"name":"(anonymous_18)","decl":{"start":{"line":146,"column":58},"end":{"line":146,"column":null}},"loc":{"start":{"line":146,"column":58},"end":{"line":153,"column":5}}}},"branchMap":{"0":{"loc":{"start":{"line":48,"column":8},"end":{"line":50,"column":9}},"type":"if","locations":[{"start":{"line":48,"column":8},"end":{"line":50,"column":9}}]},"1":{"loc":{"start":{"line":65,"column":8},"end":{"line":76,"column":9}},"type":"if","locations":[{"start":{"line":65,"column":8},"end":{"line":76,"column":9}},{"start":{"line":73,"column":15},"end":{"line":76,"column":9}}]},"2":{"loc":{"start":{"line":66,"column":12},"end":{"line":69,"column":28}},"type":"binary-expr","locations":[{"start":{"line":66,"column":12},"end":{"line":66,"column":27}},{"start":{"line":67,"column":12},"end":{"line":67,"column":38}},{"start":{"line":68,"column":12},"end":{"line":68,"column":29}},{"start":{"line":69,"column":12},"end":{"line":69,"column":28}}]},"3":{"loc":{"start":{"line":88,"column":8},"end":{"line":92,"column":9}},"type":"if","locations":[{"start":{"line":88,"column":8},"end":{"line":92,"column":9}},{"start":{"line":90,"column":15},"end":{"line":92,"column":9}}]},"4":{"loc":{"start":{"line":111,"column":8},"end":{"line":115,"column":9}},"type":"if","locations":[{"start":{"line":111,"column":8},"end":{"line":115,"column":9}},{"start":{"line":113,"column":15},"end":{"line":115,"column":9}}]},"5":{"loc":{"start":{"line":135,"column":8},"end":{"line":139,"column":9}},"type":"if","locations":[{"start":{"line":135,"column":8},"end":{"line":139,"column":9}},{"start":{"line":137,"column":15},"end":{"line":139,"column":9}}]},"6":{"loc":{"start":{"line":148,"column":8},"end":{"line":152,"column":9}},"type":"if","locations":[{"start":{"line":148,"column":8},"end":{"line":152,"column":9}},{"start":{"line":150,"column":15},"end":{"line":152,"column":9}}]}},"s":{"0":1,"1":1,"2":1,"3":1,"4":1,"5":1,"6":1,"7":1,"8":1,"9":1,"10":1,"11":0,"12":0,"13":0,"14":0,"15":1,"16":1,"17":0,"18":0,"19":0,"20":0,"21":0,"22":0,"23":1,"24":0,"25":0,"26":0,"27":0,"28":0,"29":1,"30":0,"31":0,"32":0,"33":0,"34":0,"35":1,"36":0,"37":0,"38":0,"39":0,"40":0,"41":1,"42":0,"43":0,"44":0,"45":0,"46":0},"f":{"0":0,"1":0,"2":0,"3":0,"4":0,"5":0,"6":0,"7":0,"8":0,"9":0,"10":0,"11":0},"b":{"0":[0],"1":[0,0],"2":[0,0,0,0],"3":[0,0],"4":[0,0],"5":[0,0],"6":[0,0]}}
,"D:\\Projects\\IT_Incubator_Projects\\Backend_repositories\\src\\features\\test\\test.router.ts": {"path":"D:\\Projects\\IT_Incubator_Projects\\Backend_repositories\\src\\features\\test\\test.router.ts","statementMap":{"0":{"start":{"line":1,"column":0},"end":{"line":1,"column":50}},"1":{"start":{"line":2,"column":0},"end":{"line":2,"column":61}},"2":{"start":{"line":3,"column":0},"end":{"line":3,"column":46}},"3":{"start":{"line":5,"column":13},"end":{"line":5,"column":null}},"4":{"start":{"line":7,"column":0},"end":{"line":11,"column":null}},"5":{"start":{"line":7,"column":60},"end":{"line":11,"column":2}},"6":{"start":{"line":8,"column":4},"end":{"line":8,"column":null}},"7":{"start":{"line":9,"column":4},"end":{"line":9,"column":null}},"8":{"start":{"line":10,"column":4},"end":{"line":10,"column":null}}},"fnMap":{"0":{"name":"(anonymous_7)","decl":{"start":{"line":7,"column":24},"end":{"line":7,"column":31}},"loc":{"start":{"line":7,"column":60},"end":{"line":11,"column":2}}},"1":{"name":"(anonymous_8)","decl":{"start":{"line":7,"column":60},"end":{"line":7,"column":null}},"loc":{"start":{"line":7,"column":60},"end":{"line":11,"column":1}}}},"branchMap":{},"s":{"0":1,"1":1,"2":1,"3":1,"4":1,"5":1,"6":1,"7":1,"8":1},"f":{"0":1,"1":1},"b":{}}
,"D:\\Projects\\IT_Incubator_Projects\\Backend_repositories\\src\\middlewares\\auth.middleware.ts": {"path":"D:\\Projects\\IT_Incubator_Projects\\Backend_repositories\\src\\middlewares\\auth.middleware.ts","statementMap":{"0":{"start":{"line":2,"column":0},"end":{"line":2,"column":47}},"1":{"start":{"line":3,"column":0},"end":{"line":3,"column":38}},"2":{"start":{"line":5,"column":30},"end":{"line":23,"column":1}},"3":{"start":{"line":10,"column":14},"end":{"line":10,"column":52}},"4":{"start":{"line":11,"column":1},"end":{"line":14,"column":2}},"5":{"start":{"line":12,"column":2},"end":{"line":12,"column":null}},"6":{"start":{"line":13,"column":2},"end":{"line":13,"column":8}},"7":{"start":{"line":15,"column":14},"end":{"line":15,"column":50}},"8":{"start":{"line":16,"column":21},"end":{"line":16,"column":43}},"9":{"start":{"line":18,"column":1},"end":{"line":21,"column":2}},"10":{"start":{"line":19,"column":2},"end":{"line":19,"column":null}},"11":{"start":{"line":20,"column":2},"end":{"line":20,"column":8}},"12":{"start":{"line":22,"column":1},"end":{"line":22,"column":null}},"13":{"start":{"line":5,"column":13},"end":{"line":5,"column":30}}},"fnMap":{"0":{"name":"(anonymous_0)","decl":{"start":{"line":5,"column":30},"end":{"line":5,"column":null}},"loc":{"start":{"line":9,"column":4},"end":{"line":23,"column":1}}}},"branchMap":{"0":{"loc":{"start":{"line":11,"column":1},"end":{"line":14,"column":2}},"type":"if","locations":[{"start":{"line":11,"column":1},"end":{"line":14,"column":2}}]},"1":{"loc":{"start":{"line":18,"column":1},"end":{"line":21,"column":2}},"type":"if","locations":[{"start":{"line":18,"column":1},"end":{"line":21,"column":2}}]},"2":{"loc":{"start":{"line":18,"column":5},"end":{"line":18,"column":72}},"type":"binary-expr","locations":[{"start":{"line":18,"column":5},"end":{"line":18,"column":40}},{"start":{"line":18,"column":44},"end":{"line":18,"column":72}}]}},"s":{"0":1,"1":1,"2":1,"3":5,"4":5,"5":0,"6":0,"7":5,"8":5,"9":5,"10":0,"11":0,"12":5,"13":1},"f":{"0":5},"b":{"0":[0],"1":[0],"2":[5,5]}}
,"D:\\Projects\\IT_Incubator_Projects\\Backend_repositories\\src\\middlewares\\inputValidationMiddleware.ts": {"path":"D:\\Projects\\IT_Incubator_Projects\\Backend_repositories\\src\\middlewares\\inputValidationMiddleware.ts","statementMap":{"0":{"start":{"line":2,"column":0},"end":{"line":2,"column":73}},"1":{"start":{"line":3,"column":0},"end":{"line":3,"column":46}},"2":{"start":{"line":5,"column":41},"end":{"line":22,"column":1}},"3":{"start":{"line":6,"column":31},"end":{"line":14,"column":6}},"4":{"start":{"line":8,"column":27},"end":{"line":8,"column":56}},"5":{"start":{"line":9,"column":12},"end":{"line":12,"column":null}},"6":{"start":{"line":16,"column":19},"end":{"line":16,"column":42}},"7":{"start":{"line":17,"column":4},"end":{"line":21,"column":5}},"8":{"start":{"line":18,"column":8},"end":{"line":18,"column":null}},"9":{"start":{"line":20,"column":8},"end":{"line":20,"column":null}},"10":{"start":{"line":5,"column":13},"end":{"line":5,"column":41}}},"fnMap":{"0":{"name":"(anonymous_0)","decl":{"start":{"line":5,"column":41},"end":{"line":5,"column":42}},"loc":{"start":{"line":5,"column":93},"end":{"line":22,"column":1}}},"1":{"name":"(anonymous_1)","decl":{"start":{"line":7,"column":19},"end":{"line":7,"column":20}},"loc":{"start":{"line":7,"column":29},"end":{"line":13,"column":9}}}},"branchMap":{"0":{"loc":{"start":{"line":17,"column":4},"end":{"line":21,"column":5}},"type":"if","locations":[{"start":{"line":17,"column":4},"end":{"line":21,"column":5}},{"start":{"line":19,"column":11},"end":{"line":21,"column":5}}]}},"s":{"0":1,"1":1,"2":1,"3":3,"4":3,"5":3,"6":3,"7":3,"8":1,"9":2,"10":1},"f":{"0":3,"1":3},"b":{"0":[1,2]}}
,"D:\\Projects\\IT_Incubator_Projects\\Backend_repositories\\src\\repositories\\blogs.repository.ts": {"path":"D:\\Projects\\IT_Incubator_Projects\\Backend_repositories\\src\\repositories\\blogs.repository.ts","statementMap":{"0":{"start":{"line":1,"column":0},"end":{"line":1,"column":50}},"1":{"start":{"line":4,"column":0},"end":{"line":4,"column":32}},"2":{"start":{"line":6,"column":25},"end":{"line":15,"column":1}},"3":{"start":{"line":7,"column":4},"end":{"line":14,"column":null}},"4":{"start":{"line":17,"column":13},"end":{"line":91,"column":null}},"5":{"start":{"line":19,"column":8},"end":{"line":36,"column":9}},"6":{"start":{"line":20,"column":39},"end":{"line":29,"column":26}},"7":{"start":{"line":30,"column":12},"end":{"line":30,"column":null}},"8":{"start":{"line":30,"column":47},"end":{"line":30,"column":66}},"9":{"start":{"line":32,"column":39},"end":{"line":34,"column":26}},"10":{"start":{"line":35,"column":12},"end":{"line":35,"column":null}},"11":{"start":{"line":35,"column":47},"end":{"line":35,"column":66}},"12":{"start":{"line":41,"column":24},"end":{"line":41,"column":64}},"13":{"start":{"line":43,"column":8},"end":{"line":47,"column":9}},"14":{"start":{"line":44,"column":12},"end":{"line":44,"column":null}},"15":{"start":{"line":46,"column":12},"end":{"line":46,"column":null}},"16":{"start":{"line":51,"column":34},"end":{"line":58,"column":null}},"17":{"start":{"line":60,"column":8},"end":{"line":60,"column":null}},"18":{"start":{"line":62,"column":8},"end":{"line":62,"column":null}},"19":{"start":{"line":66,"column":26},"end":{"line":66,"column":66}},"20":{"start":{"line":68,"column":26},"end":{"line":76,"column":null}},"21":{"start":{"line":79,"column":8},"end":{"line":79,"column":null}},"22":{"start":{"line":83,"column":23},"end":{"line":83,"column":65}},"23":{"start":{"line":84,"column":8},"end":{"line":84,"column":41}}},"fnMap":{"0":{"name":"(anonymous_7)","decl":{"start":{"line":6,"column":25},"end":{"line":6,"column":26}},"loc":{"start":{"line":6,"column":65},"end":{"line":15,"column":1}}},"1":{"name":"(anonymous_8)","decl":{"start":{"line":18,"column":10},"end":{"line":18,"column":18}},"loc":{"start":{"line":18,"column":45},"end":{"line":38,"column":null}}},"2":{"name":"(anonymous_10)","decl":{"start":{"line":30,"column":30},"end":{"line":30,"column":31}},"loc":{"start":{"line":30,"column":47},"end":{"line":30,"column":66}}},"3":{"name":"(anonymous_11)","decl":{"start":{"line":35,"column":30},"end":{"line":35,"column":31}},"loc":{"start":{"line":35,"column":47},"end":{"line":35,"column":66}}},"4":{"name":"(anonymous_12)","decl":{"start":{"line":40,"column":10},"end":{"line":40,"column":22}},"loc":{"start":{"line":40,"column":33},"end":{"line":48,"column":null}}},"5":{"name":"(anonymous_14)","decl":{"start":{"line":50,"column":10},"end":{"line":50,"column":20}},"loc":{"start":{"line":50,"column":45},"end":{"line":63,"column":null}}},"6":{"name":"(anonymous_16)","decl":{"start":{"line":65,"column":10},"end":{"line":65,"column":20}},"loc":{"start":{"line":65,"column":57},"end":{"line":80,"column":null}}},"7":{"name":"(anonymous_18)","decl":{"start":{"line":82,"column":10},"end":{"line":82,"column":20}},"loc":{"start":{"line":82,"column":31},"end":{"line":90,"column":null}}}},"branchMap":{"0":{"loc":{"start":{"line":19,"column":8},"end":{"line":36,"column":9}},"type":"if","locations":[{"start":{"line":19,"column":8},"end":{"line":36,"column":9}},{"start":{"line":31,"column":15},"end":{"line":36,"column":9}}]},"1":{"loc":{"start":{"line":22,"column":35},"end":{"line":22,"column":51}},"type":"binary-expr","locations":[{"start":{"line":22,"column":35},"end":{"line":22,"column":45}},{"start":{"line":22,"column":49},"end":{"line":22,"column":51}}]},"2":{"loc":{"start":{"line":23,"column":42},"end":{"line":23,"column":65}},"type":"binary-expr","locations":[{"start":{"line":23,"column":42},"end":{"line":23,"column":59}},{"start":{"line":23,"column":63},"end":{"line":23,"column":65}}]},"3":{"loc":{"start":{"line":24,"column":41},"end":{"line":24,"column":63}},"type":"binary-expr","locations":[{"start":{"line":24,"column":41},"end":{"line":24,"column":57}},{"start":{"line":24,"column":61},"end":{"line":24,"column":63}}]},"4":{"loc":{"start":{"line":43,"column":8},"end":{"line":47,"column":9}},"type":"if","locations":[{"start":{"line":43,"column":8},"end":{"line":47,"column":9}},{"start":{"line":45,"column":15},"end":{"line":47,"column":9}}]},"5":{"loc":{"start":{"line":72,"column":26},"end":{"line":72,"column":null}},"type":"binary-expr","locations":[{"start":{"line":72,"column":26},"end":{"line":72,"column":35}},{"start":{"line":72,"column":39},"end":{"line":72,"column":54}}]},"6":{"loc":{"start":{"line":72,"column":39},"end":{"line":72,"column":54}},"type":"cond-expr","locations":[{"start":{"line":72,"column":48},"end":{"line":72,"column":50}},{"start":{"line":72,"column":39},"end":{"line":72,"column":54}}]},"7":{"loc":{"start":{"line":72,"column":39},"end":{"line":72,"column":50}},"type":"binary-expr","locations":[{"start":{"line":72,"column":39},"end":{"line":72,"column":50}},{"start":{"line":72,"column":39},"end":{"line":72,"column":50}}]},"8":{"loc":{"start":{"line":73,"column":33},"end":{"line":73,"column":null}},"type":"binary-expr","locations":[{"start":{"line":73,"column":33},"end":{"line":73,"column":49}},{"start":{"line":73,"column":53},"end":{"line":73,"column":75}}]},"9":{"loc":{"start":{"line":73,"column":53},"end":{"line":73,"column":75}},"type":"cond-expr","locations":[{"start":{"line":73,"column":62},"end":{"line":73,"column":64}},{"start":{"line":73,"column":53},"end":{"line":73,"column":75}}]},"10":{"loc":{"start":{"line":73,"column":53},"end":{"line":73,"column":64}},"type":"binary-expr","locations":[{"start":{"line":73,"column":53},"end":{"line":73,"column":64}},{"start":{"line":73,"column":53},"end":{"line":73,"column":64}}]},"11":{"loc":{"start":{"line":74,"column":32},"end":{"line":74,"column":null}},"type":"binary-expr","locations":[{"start":{"line":74,"column":32},"end":{"line":74,"column":47}},{"start":{"line":74,"column":51},"end":{"line":74,"column":72}}]},"12":{"loc":{"start":{"line":74,"column":51},"end":{"line":74,"column":72}},"type":"cond-expr","locations":[{"start":{"line":74,"column":60},"end":{"line":74,"column":62}},{"start":{"line":74,"column":51},"end":{"line":74,"column":72}}]},"13":{"loc":{"start":{"line":74,"column":51},"end":{"line":74,"column":62}},"type":"binary-expr","locations":[{"start":{"line":74,"column":51},"end":{"line":74,"column":62}},{"start":{"line":74,"column":51},"end":{"line":74,"column":62}}]}},"s":{"0":1,"1":1,"2":1,"3":3,"4":1,"5":2,"6":0,"7":0,"8":0,"9":2,"10":2,"11":1,"12":1,"13":1,"14":1,"15":0,"16":1,"17":1,"18":1,"19":1,"20":1,"21":1,"22":2,"23":2},"f":{"0":3,"1":2,"2":0,"3":1,"4":1,"5":1,"6":1,"7":2},"b":{"0":[0,2],"1":[0,0],"2":[0,0],"3":[0,0],"4":[1,0],"5":[1,0],"6":[0,0],"7":[0,0],"8":[1,0],"9":[0,0],"10":[0,0],"11":[1,0],"12":[0,0],"13":[0,0]}}
,"D:\\Projects\\IT_Incubator_Projects\\Backend_repositories\\src\\repositories\\posts.repository.ts": {"path":"D:\\Projects\\IT_Incubator_Projects\\Backend_repositories\\src\\repositories\\posts.repository.ts","statementMap":{"0":{"start":{"line":1,"column":0},"end":{"line":1,"column":67}},"1":{"start":{"line":2,"column":0},"end":{"line":2,"column":32}},"2":{"start":{"line":6,"column":25},"end":{"line":16,"column":1}},"3":{"start":{"line":7,"column":4},"end":{"line":15,"column":null}},"4":{"start":{"line":18,"column":13},"end":{"line":87,"column":null}},"5":{"start":{"line":20,"column":8},"end":{"line":35,"column":9}},"6":{"start":{"line":21,"column":39},"end":{"line":28,"column":26}},"7":{"start":{"line":29,"column":12},"end":{"line":29,"column":null}},"8":{"start":{"line":29,"column":47},"end":{"line":29,"column":66}},"9":{"start":{"line":31,"column":39},"end":{"line":33,"column":26}},"10":{"start":{"line":34,"column":12},"end":{"line":34,"column":null}},"11":{"start":{"line":34,"column":47},"end":{"line":34,"column":66}},"12":{"start":{"line":38,"column":24},"end":{"line":38,"column":64}},"13":{"start":{"line":40,"column":8},"end":{"line":44,"column":9}},"14":{"start":{"line":41,"column":12},"end":{"line":41,"column":null}},"15":{"start":{"line":43,"column":12},"end":{"line":43,"column":null}},"16":{"start":{"line":47,"column":26},"end":{"line":47,"column":75}},"17":{"start":{"line":49,"column":34},"end":{"line":57,"column":null}},"18":{"start":{"line":59,"column":8},"end":{"line":59,"column":null}},"19":{"start":{"line":61,"column":8},"end":{"line":61,"column":null}},"20":{"start":{"line":64,"column":26},"end":{"line":64,"column":75}},"21":{"start":{"line":65,"column":26},"end":{"line":75,"column":null}},"22":{"start":{"line":77,"column":8},"end":{"line":77,"column":null}},"23":{"start":{"line":80,"column":23},"end":{"line":80,"column":65}},"24":{"start":{"line":81,"column":8},"end":{"line":85,"column":9}},"25":{"start":{"line":82,"column":12},"end":{"line":82,"column":null}},"26":{"start":{"line":84,"column":12},"end":{"line":84,"column":null}}},"fnMap":{"0":{"name":"(anonymous_7)","decl":{"start":{"line":6,"column":25},"end":{"line":6,"column":26}},"loc":{"start":{"line":6,"column":65},"end":{"line":16,"column":1}}},"1":{"name":"(anonymous_8)","decl":{"start":{"line":19,"column":10},"end":{"line":19,"column":18}},"loc":{"start":{"line":19,"column":45},"end":{"line":36,"column":null}}},"2":{"name":"(anonymous_10)","decl":{"start":{"line":29,"column":30},"end":{"line":29,"column":31}},"loc":{"start":{"line":29,"column":47},"end":{"line":29,"column":66}}},"3":{"name":"(anonymous_11)","decl":{"start":{"line":34,"column":30},"end":{"line":34,"column":31}},"loc":{"start":{"line":34,"column":47},"end":{"line":34,"column":66}}},"4":{"name":"(anonymous_12)","decl":{"start":{"line":37,"column":10},"end":{"line":37,"column":21}},"loc":{"start":{"line":37,"column":32},"end":{"line":45,"column":null}}},"5":{"name":"(anonymous_14)","decl":{"start":{"line":46,"column":10},"end":{"line":46,"column":20}},"loc":{"start":{"line":46,"column":45},"end":{"line":62,"column":null}}},"6":{"name":"(anonymous_16)","decl":{"start":{"line":63,"column":10},"end":{"line":63,"column":20}},"loc":{"start":{"line":63,"column":57},"end":{"line":78,"column":null}}},"7":{"name":"(anonymous_18)","decl":{"start":{"line":79,"column":10},"end":{"line":79,"column":20}},"loc":{"start":{"line":79,"column":31},"end":{"line":86,"column":null}}}},"branchMap":{"0":{"loc":{"start":{"line":20,"column":8},"end":{"line":35,"column":9}},"type":"if","locations":[{"start":{"line":20,"column":8},"end":{"line":35,"column":9}},{"start":{"line":30,"column":15},"end":{"line":35,"column":9}}]},"1":{"loc":{"start":{"line":23,"column":36},"end":{"line":23,"column":53}},"type":"binary-expr","locations":[{"start":{"line":23,"column":36},"end":{"line":23,"column":47}},{"start":{"line":23,"column":51},"end":{"line":23,"column":53}}]},"2":{"loc":{"start":{"line":24,"column":47},"end":{"line":24,"column":75}},"type":"binary-expr","locations":[{"start":{"line":24,"column":47},"end":{"line":24,"column":69}},{"start":{"line":24,"column":73},"end":{"line":24,"column":75}}]},"3":{"loc":{"start":{"line":25,"column":38},"end":{"line":25,"column":57}},"type":"binary-expr","locations":[{"start":{"line":25,"column":38},"end":{"line":25,"column":51}},{"start":{"line":25,"column":55},"end":{"line":25,"column":57}}]},"4":{"loc":{"start":{"line":26,"column":37},"end":{"line":26,"column":55}},"type":"binary-expr","locations":[{"start":{"line":26,"column":37},"end":{"line":26,"column":49}},{"start":{"line":26,"column":53},"end":{"line":26,"column":55}}]},"5":{"loc":{"start":{"line":40,"column":8},"end":{"line":44,"column":9}},"type":"if","locations":[{"start":{"line":40,"column":8},"end":{"line":44,"column":9}},{"start":{"line":42,"column":15},"end":{"line":44,"column":9}}]},"6":{"loc":{"start":{"line":81,"column":8},"end":{"line":85,"column":9}},"type":"if","locations":[{"start":{"line":81,"column":8},"end":{"line":85,"column":9}},{"start":{"line":83,"column":15},"end":{"line":85,"column":9}}]}},"s":{"0":1,"1":1,"2":1,"3":0,"4":1,"5":0,"6":0,"7":0,"8":0,"9":0,"10":0,"11":0,"12":0,"13":0,"14":0,"15":0,"16":0,"17":0,"18":0,"19":0,"20":0,"21":0,"22":0,"23":0,"24":0,"25":0,"26":0},"f":{"0":0,"1":0,"2":0,"3":0,"4":0,"5":0,"6":0,"7":0},"b":{"0":[0,0],"1":[0,0],"2":[0,0],"3":[0,0],"4":[0,0],"5":[0,0],"6":[0,0]}}
}
