{"D:\\Projects\\IT_Incubator\\Backend_repositories\\src\\app.ts": {"path":"D:\\Projects\\IT_Incubator\\Backend_repositories\\src\\app.ts","statementMap":{"0":{"start":{"line":1,"column":0},"end":{"line":1,"column":52}},"1":{"start":{"line":2,"column":0},"end":{"line":2,"column":38}},"2":{"start":{"line":3,"column":0},"end":{"line":3,"column":59}},"3":{"start":{"line":5,"column":0},"end":{"line":5,"column":58}},"4":{"start":{"line":7,"column":13},"end":{"line":7,"column":null}},"5":{"start":{"line":9,"column":0},"end":{"line":9,"column":null}},"6":{"start":{"line":11,"column":0},"end":{"line":13,"column":null}},"7":{"start":{"line":12,"column":1},"end":{"line":12,"column":null}},"8":{"start":{"line":14,"column":0},"end":{"line":14,"column":null}},"9":{"start":{"line":15,"column":0},"end":{"line":15,"column":null}}},"fnMap":{"0":{"name":"(anonymous_1)","decl":{"start":{"line":11,"column":13},"end":{"line":11,"column":14}},"loc":{"start":{"line":11,"column":45},"end":{"line":13,"column":1}}}},"branchMap":{},"s":{"0":2,"1":2,"2":2,"3":2,"4":2,"5":2,"6":2,"7":0,"8":2,"9":2},"f":{"0":0},"b":{}}
,"D:\\Projects\\IT_Incubator\\Backend_repositories\\src\\setttings.ts": {"path":"D:\\Projects\\IT_Incubator\\Backend_repositories\\src\\setttings.ts","statementMap":{"0":{"start":{"line":1,"column":13},"end":{"line":11,"column":null}}},"fnMap":{},"branchMap":{"0":{"loc":{"start":{"line":2,"column":12},"end":{"line":2,"column":64}},"type":"binary-expr","locations":[{"start":{"line":2,"column":12},"end":{"line":2,"column":33}},{"start":{"line":2,"column":37},"end":{"line":2,"column":64}}]}},"s":{"0":2},"f":{},"b":{"0":[2,2]}}
,"D:\\Projects\\IT_Incubator\\Backend_repositories\\src\\utils.ts": {"path":"D:\\Projects\\IT_Incubator\\Backend_repositories\\src\\utils.ts","statementMap":{"0":{"start":{"line":1,"column":35},"end":{"line":11,"column":1}},"1":{"start":{"line":4,"column":1},"end":{"line":10,"column":null}},"2":{"start":{"line":1,"column":13},"end":{"line":1,"column":35}}},"fnMap":{"0":{"name":"(anonymous_0)","decl":{"start":{"line":1,"column":35},"end":{"line":1,"column":36}},"loc":{"start":{"line":3,"column":5},"end":{"line":11,"column":1}}}},"branchMap":{"0":{"loc":{"start":{"line":5,"column":18},"end":{"line":5,"column":68}},"type":"cond-expr","locations":[{"start":{"line":5,"column":41},"end":{"line":5,"column":61}},{"start":{"line":5,"column":64},"end":{"line":5,"column":68}}]},"1":{"loc":{"start":{"line":6,"column":10},"end":{"line":6,"column":51}},"type":"cond-expr","locations":[{"start":{"line":6,"column":25},"end":{"line":6,"column":37}},{"start":{"line":6,"column":40},"end":{"line":6,"column":51}}]},"2":{"loc":{"start":{"line":7,"column":17},"end":{"line":7,"column":67}},"type":"cond-expr","locations":[{"start":{"line":7,"column":39},"end":{"line":7,"column":58}},{"start":{"line":7,"column":61},"end":{"line":7,"column":67}}]},"3":{"loc":{"start":{"line":8,"column":14},"end":{"line":8,"column":54}},"type":"cond-expr","locations":[{"start":{"line":8,"column":33},"end":{"line":8,"column":50}},{"start":{"line":8,"column":53},"end":{"line":8,"column":54}}]},"4":{"loc":{"start":{"line":9,"column":12},"end":{"line":9,"column":63}},"type":"cond-expr","locations":[{"start":{"line":9,"column":43},"end":{"line":9,"column":58}},{"start":{"line":9,"column":61},"end":{"line":9,"column":63}}]}},"s":{"0":2,"1":2,"2":2},"f":{"0":2},"b":{"0":[0,2],"1":[0,2],"2":[0,2],"3":[0,2],"4":[0,2]}}
,"D:\\Projects\\IT_Incubator\\Backend_repositories\\src\\db\\db.ts": {"path":"D:\\Projects\\IT_Incubator\\Backend_repositories\\src\\db\\db.ts","statementMap":{"0":{"start":{"line":1,"column":0},"end":{"line":1,"column":36}},"1":{"start":{"line":2,"column":0},"end":{"line":2,"column":38}},"2":{"start":{"line":28,"column":18},"end":{"line":28,"column":36}},"3":{"start":{"line":29,"column":0},"end":{"line":31,"column":1}},"4":{"start":{"line":30,"column":4},"end":{"line":30,"column":null}},"5":{"start":{"line":32,"column":15},"end":{"line":32,"column":41}},"6":{"start":{"line":33,"column":10},"end":{"line":33,"column":37}},"7":{"start":{"line":35,"column":13},"end":{"line":35,"column":null}},"8":{"start":{"line":36,"column":13},"end":{"line":36,"column":null}},"9":{"start":{"line":39,"column":4},"end":{"line":44,"column":5}},"10":{"start":{"line":40,"column":8},"end":{"line":40,"column":null}},"11":{"start":{"line":41,"column":8},"end":{"line":41,"column":null}},"12":{"start":{"line":43,"column":8},"end":{"line":43,"column":null}},"13":{"start":{"line":38,"column":0},"end":{"line":38,"column":22}}},"fnMap":{"0":{"name":"runDb","decl":{"start":{"line":38,"column":22},"end":{"line":38,"column":27}},"loc":{"start":{"line":38,"column":27},"end":{"line":45,"column":null}}}},"branchMap":{"0":{"loc":{"start":{"line":29,"column":0},"end":{"line":31,"column":1}},"type":"if","locations":[{"start":{"line":29,"column":0},"end":{"line":31,"column":1}}]}},"s":{"0":2,"1":2,"2":2,"3":2,"4":0,"5":2,"6":2,"7":2,"8":2,"9":0,"10":0,"11":0,"12":0,"13":2},"f":{"0":0},"b":{"0":[0]}}
,"D:\\Projects\\IT_Incubator\\Backend_repositories\\src\\db\\mock.ts": {"path":"D:\\Projects\\IT_Incubator\\Backend_repositories\\src\\db\\mock.ts","statementMap":{"0":{"start":{"line":1,"column":0},"end":{"line":1,"column":34}},"1":{"start":{"line":3,"column":13},"end":{"line":164,"column":null}},"2":{"start":{"line":166,"column":13},"end":{"line":253,"column":null}}},"fnMap":{},"branchMap":{},"s":{"0":1,"1":1,"2":1},"f":{},"b":{}}
,"D:\\Projects\\IT_Incubator\\Backend_repositories\\src\\features\\blogs\\blogs.router.ts": {"path":"D:\\Projects\\IT_Incubator\\Backend_repositories\\src\\features\\blogs\\blogs.router.ts","statementMap":{"0":{"start":{"line":1,"column":0},"end":{"line":1,"column":32}},"1":{"start":{"line":2,"column":0},"end":{"line":2,"column":57}},"2":{"start":{"line":6,"column":13},"end":{"line":6,"column":null}},"3":{"start":{"line":8,"column":0},"end":{"line":8,"column":null}}},"fnMap":{},"branchMap":{},"s":{"0":2,"1":2,"2":2,"3":2},"f":{},"b":{}}
,"D:\\Projects\\IT_Incubator\\Backend_repositories\\src\\features\\blogs\\getBlogsController.ts": {"path":"D:\\Projects\\IT_Incubator\\Backend_repositories\\src\\features\\blogs\\getBlogsController.ts","statementMap":{"0":{"start":{"line":3,"column":0},"end":{"line":3,"column":47}},"1":{"start":{"line":8,"column":0},"end":{"line":8,"column":59}},"2":{"start":{"line":9,"column":0},"end":{"line":9,"column":60}},"3":{"start":{"line":11,"column":34},"end":{"line":21,"column":null}},"4":{"start":{"line":14,"column":4},"end":{"line":21,"column":null}},"5":{"start":{"line":15,"column":26},"end":{"line":15,"column":56}},"6":{"start":{"line":17,"column":15},"end":{"line":17,"column":50}},"7":{"start":{"line":19,"column":1},"end":{"line":19,"column":null}},"8":{"start":{"line":20,"column":1},"end":{"line":20,"column":7}},"9":{"start":{"line":11,"column":13},"end":{"line":11,"column":34}}},"fnMap":{"0":{"name":"(anonymous_7)","decl":{"start":{"line":11,"column":34},"end":{"line":11,"column":null}},"loc":{"start":{"line":14,"column":4},"end":{"line":21,"column":null}}},"1":{"name":"(anonymous_8)","decl":{"start":{"line":14,"column":4},"end":{"line":14,"column":null}},"loc":{"start":{"line":14,"column":4},"end":{"line":21,"column":1}}}},"branchMap":{},"s":{"0":2,"1":2,"2":2,"3":2,"4":2,"5":2,"6":2,"7":2,"8":2,"9":2},"f":{"0":2,"1":2},"b":{}}
,"D:\\Projects\\IT_Incubator\\Backend_repositories\\src\\features\\tests\\tests.router.ts": {"path":"D:\\Projects\\IT_Incubator\\Backend_repositories\\src\\features\\tests\\tests.router.ts","statementMap":{"0":{"start":{"line":1,"column":0},"end":{"line":1,"column":51}},"1":{"start":{"line":2,"column":0},"end":{"line":2,"column":62}},"2":{"start":{"line":3,"column":0},"end":{"line":3,"column":47}},"3":{"start":{"line":5,"column":13},"end":{"line":5,"column":null}},"4":{"start":{"line":7,"column":0},"end":{"line":11,"column":null}},"5":{"start":{"line":7,"column":61},"end":{"line":11,"column":2}},"6":{"start":{"line":8,"column":1},"end":{"line":8,"column":null}},"7":{"start":{"line":9,"column":1},"end":{"line":9,"column":null}},"8":{"start":{"line":10,"column":1},"end":{"line":10,"column":null}}},"fnMap":{"0":{"name":"(anonymous_7)","decl":{"start":{"line":7,"column":23},"end":{"line":7,"column":30}},"loc":{"start":{"line":7,"column":61},"end":{"line":11,"column":2}}},"1":{"name":"(anonymous_8)","decl":{"start":{"line":7,"column":61},"end":{"line":7,"column":null}},"loc":{"start":{"line":7,"column":61},"end":{"line":11,"column":1}}}},"branchMap":{},"s":{"0":2,"1":2,"2":2,"3":2,"4":2,"5":1,"6":1,"7":1,"8":1},"f":{"0":1,"1":1},"b":{}}
,"D:\\Projects\\IT_Incubator\\Backend_repositories\\src\\repositories\\blogs.repository.ts": {"path":"D:\\Projects\\IT_Incubator\\Backend_repositories\\src\\repositories\\blogs.repository.ts","statementMap":{"0":{"start":{"line":2,"column":0},"end":{"line":2,"column":52}},"1":{"start":{"line":5,"column":13},"end":{"line":19,"column":null}},"2":{"start":{"line":7,"column":2},"end":{"line":14,"column":null}},"3":{"start":{"line":17,"column":2},"end":{"line":17,"column":null}}},"fnMap":{"0":{"name":"(anonymous_7)","decl":{"start":{"line":6,"column":7},"end":{"line":6,"column":16}},"loc":{"start":{"line":6,"column":33},"end":{"line":15,"column":null}}},"1":{"name":"(anonymous_9)","decl":{"start":{"line":16,"column":7},"end":{"line":16,"column":17}},"loc":{"start":{"line":16,"column":17},"end":{"line":18,"column":null}}}},"branchMap":{"0":{"loc":{"start":{"line":9,"column":20},"end":{"line":9,"column":46}},"type":"binary-expr","locations":[{"start":{"line":9,"column":20},"end":{"line":9,"column":40}},{"start":{"line":9,"column":44},"end":{"line":9,"column":46}}]}},"s":{"0":2,"1":2,"2":2,"3":2},"f":{"0":2,"1":2},"b":{"0":[2,2]}}
,"D:\\Projects\\IT_Incubator\\Backend_repositories\\src\\services\\blogs.service.ts": {"path":"D:\\Projects\\IT_Incubator\\Backend_repositories\\src\\services\\blogs.service.ts","statementMap":{"0":{"start":{"line":1,"column":0},"end":{"line":1,"column":66}},"1":{"start":{"line":9,"column":25},"end":{"line":18,"column":1}},"2":{"start":{"line":10,"column":1},"end":{"line":17,"column":null}},"3":{"start":{"line":20,"column":13},"end":{"line":34,"column":null}},"4":{"start":{"line":22,"column":21},"end":{"line":22,"column":55}},"5":{"start":{"line":23,"column":17},"end":{"line":23,"column":55}},"6":{"start":{"line":24,"column":16},"end":{"line":24,"column":44}},"7":{"start":{"line":25,"column":21},"end":{"line":31,"column":null}},"8":{"start":{"line":32,"column":2},"end":{"line":32,"column":null}}},"fnMap":{"0":{"name":"(anonymous_7)","decl":{"start":{"line":9,"column":25},"end":{"line":9,"column":26}},"loc":{"start":{"line":9,"column":63},"end":{"line":18,"column":1}}},"1":{"name":"(anonymous_8)","decl":{"start":{"line":21,"column":7},"end":{"line":21,"column":16}},"loc":{"start":{"line":21,"column":33},"end":{"line":33,"column":null}}}},"branchMap":{},"s":{"0":2,"1":2,"2":10,"3":2,"4":2,"5":2,"6":2,"7":2,"8":2},"f":{"0":10,"1":2},"b":{}}
}
