TN:
SF:__tests__\utils\blogsTestManager.ts
FN:7,(anonymous_7)
FN:7,(anonymous_8)
FN:37,(anonymous_9)
FN:56,(anonymous_11)
FN:56,(anonymous_12)
FN:66,(anonymous_13)
FN:66,(anonymous_14)
FNF:7
FNH:7
FNDA:2,(anonymous_7)
FNDA:2,(anonymous_8)
FNDA:1,(anonymous_9)
FNDA:1,(anonymous_11)
FNDA:1,(anonymous_12)
FNDA:2,(anonymous_13)
FNDA:2,(anonymous_14)
DA:1,1
DA:2,1
DA:3,1
DA:4,1
DA:6,1
DA:7,2
DA:9,2
DA:10,2
DA:13,2
DA:21,2
DA:22,1
DA:23,1
DA:31,1
DA:34,2
DA:38,1
DA:42,1
DA:51,1
DA:53,1
DA:56,1
DA:57,1
DA:58,1
DA:60,1
DA:66,2
DA:67,2
DA:68,2
DA:70,2
DA:75,2
LF:27
LH:27
BRDA:7,0,0,0
BRDA:21,1,0,1
BRDA:56,2,0,0
BRDA:66,3,0,0
BRF:4
BRH:1
end_of_record
TN:
SF:src\app.ts
FN:13,(anonymous_1)
FNF:1
FNH:1
FNDA:1,(anonymous_1)
DA:1,1
DA:2,1
DA:3,1
DA:4,1
DA:5,1
DA:7,1
DA:9,1
DA:11,1
DA:13,1
DA:14,1
DA:15,1
DA:16,1
LF:12
LH:12
BRF:0
BRH:0
end_of_record
TN:
SF:src\settings.ts
FNF:0
FNH:0
DA:1,1
DA:3,1
DA:5,1
LF:3
LH:3
BRDA:6,0,0,1
BRDA:6,0,1,0
BRDA:13,1,0,1
BRDA:13,1,1,0
BRF:4
BRH:2
end_of_record
TN:
SF:src\db\db.ts
FN:38,runDb
FNF:1
FNH:0
FNDA:0,runDb
DA:1,1
DA:2,1
DA:28,1
DA:29,1
DA:30,1
DA:31,0
DA:33,1
DA:34,1
DA:35,1
DA:36,1
DA:38,1
DA:39,0
DA:40,0
DA:41,0
DA:43,0
LF:15
LH:10
BRDA:30,0,0,0
BRF:1
BRH:0
end_of_record
TN:
SF:src\features\blogs\blogs.router.ts
FN:43,(anonymous_7)
FN:46,(anonymous_8)
FN:66,(anonymous_9)
FN:69,(anonymous_10)
FN:81,(anonymous_11)
FN:84,(anonymous_12)
FN:104,(anonymous_13)
FN:107,(anonymous_14)
FN:121,(anonymous_15)
FN:121,(anonymous_16)
FNF:10
FNH:10
FNDA:1,(anonymous_7)
FNDA:1,(anonymous_8)
FNDA:1,(anonymous_9)
FNDA:1,(anonymous_10)
FNDA:1,(anonymous_11)
FNDA:1,(anonymous_12)
FNDA:1,(anonymous_13)
FNDA:1,(anonymous_14)
FNDA:2,(anonymous_15)
FNDA:2,(anonymous_16)
DA:1,1
DA:4,1
DA:5,1
DA:6,1
DA:7,1
DA:8,1
DA:10,1
DA:20,1
DA:29,1
DA:39,1
DA:41,1
DA:46,1
DA:47,1
DA:48,0
DA:49,0
DA:51,1
DA:52,1
DA:57,1
DA:69,1
DA:70,1
DA:71,1
DA:72,1
DA:74,0
DA:79,1
DA:84,1
DA:85,1
DA:87,1
DA:88,1
DA:90,0
DA:95,1
DA:107,1
DA:108,1
DA:110,1
DA:111,0
DA:113,1
DA:118,1
DA:121,2
DA:122,2
DA:123,2
DA:124,1
DA:126,1
LF:41
LH:36
BRDA:47,0,0,0
BRDA:47,0,1,1
BRDA:47,1,0,1
BRDA:47,1,1,1
BRDA:47,1,2,1
BRDA:71,2,0,1
BRDA:71,2,1,0
BRDA:87,3,0,1
BRDA:87,3,1,0
BRDA:110,4,0,0
BRDA:110,4,1,1
BRDA:123,5,0,1
BRDA:123,5,1,1
BRF:13
BRH:9
end_of_record
TN:
SF:src\features\posts\post.router.ts
FN:46,(anonymous_7)
FN:46,(anonymous_8)
FN:61,(anonymous_9)
FN:64,(anonymous_10)
FN:82,(anonymous_11)
FN:85,(anonymous_12)
FN:106,(anonymous_13)
FN:109,(anonymous_14)
FN:129,(anonymous_15)
FN:132,(anonymous_16)
FN:146,(anonymous_17)
FN:146,(anonymous_18)
FNF:12
FNH:0
FNDA:0,(anonymous_7)
FNDA:0,(anonymous_8)
FNDA:0,(anonymous_9)
FNDA:0,(anonymous_10)
FNDA:0,(anonymous_11)
FNDA:0,(anonymous_12)
FNDA:0,(anonymous_13)
FNDA:0,(anonymous_14)
FNDA:0,(anonymous_15)
FNDA:0,(anonymous_16)
FNDA:0,(anonymous_17)
FNDA:0,(anonymous_18)
DA:1,1
DA:4,1
DA:5,1
DA:6,1
DA:7,1
DA:8,1
DA:9,1
DA:11,1
DA:21,1
DA:31,1
DA:41,1
DA:46,0
DA:47,0
DA:48,0
DA:49,0
DA:57,1
DA:59,1
DA:64,0
DA:65,0
DA:71,0
DA:72,0
DA:74,0
DA:75,0
DA:80,1
DA:85,0
DA:86,0
DA:88,0
DA:89,0
DA:91,0
DA:96,1
DA:109,0
DA:110,0
DA:111,0
DA:112,0
DA:114,0
DA:119,1
DA:132,0
DA:133,0
DA:135,0
DA:136,0
DA:138,0
DA:143,1
DA:146,0
DA:147,0
DA:148,0
DA:149,0
DA:151,0
LF:47
LH:17
BRDA:48,0,0,0
BRDA:65,1,0,0
BRDA:65,1,1,0
BRDA:66,2,0,0
BRDA:66,2,1,0
BRDA:66,2,2,0
BRDA:66,2,3,0
BRDA:88,3,0,0
BRDA:88,3,1,0
BRDA:111,4,0,0
BRDA:111,4,1,0
BRDA:135,5,0,0
BRDA:135,5,1,0
BRDA:148,6,0,0
BRDA:148,6,1,0
BRF:15
BRH:0
end_of_record
TN:
SF:src\features\test\test.router.ts
FN:7,(anonymous_7)
FN:7,(anonymous_8)
FNF:2
FNH:2
FNDA:1,(anonymous_7)
FNDA:1,(anonymous_8)
DA:1,1
DA:2,1
DA:3,1
DA:5,1
DA:7,1
DA:8,1
DA:9,1
DA:10,1
LF:8
LH:8
BRF:0
BRH:0
end_of_record
TN:
SF:src\middlewares\auth.middleware.ts
FN:5,(anonymous_0)
FNF:1
FNH:1
FNDA:5,(anonymous_0)
DA:2,1
DA:3,1
DA:5,1
DA:10,5
DA:11,5
DA:12,0
DA:13,0
DA:15,5
DA:16,5
DA:18,5
DA:19,0
DA:20,0
DA:22,5
LF:13
LH:9
BRDA:11,0,0,0
BRDA:18,1,0,0
BRDA:18,2,0,5
BRDA:18,2,1,5
BRF:4
BRH:2
end_of_record
TN:
SF:src\middlewares\inputValidationMiddleware.ts
FN:5,(anonymous_0)
FN:7,(anonymous_1)
FNF:2
FNH:2
FNDA:3,(anonymous_0)
FNDA:3,(anonymous_1)
DA:2,1
DA:3,1
DA:5,1
DA:6,3
DA:8,3
DA:9,3
DA:16,3
DA:17,3
DA:18,1
DA:20,2
LF:10
LH:10
BRDA:17,0,0,1
BRDA:17,0,1,2
BRF:2
BRH:2
end_of_record
TN:
SF:src\repositories\blogs.repository.ts
FN:6,(anonymous_7)
FN:18,(anonymous_8)
FN:30,(anonymous_10)
FN:35,(anonymous_11)
FN:40,(anonymous_12)
FN:50,(anonymous_14)
FN:65,(anonymous_16)
FN:82,(anonymous_18)
FNF:8
FNH:7
FNDA:3,(anonymous_7)
FNDA:2,(anonymous_8)
FNDA:0,(anonymous_10)
FNDA:1,(anonymous_11)
FNDA:1,(anonymous_12)
FNDA:1,(anonymous_14)
FNDA:1,(anonymous_16)
FNDA:2,(anonymous_18)
DA:1,1
DA:4,1
DA:6,1
DA:7,3
DA:17,1
DA:19,2
DA:20,0
DA:30,0
DA:32,2
DA:35,2
DA:41,1
DA:43,1
DA:44,1
DA:46,0
DA:51,1
DA:60,1
DA:62,1
DA:66,1
DA:68,1
DA:79,1
DA:83,2
DA:84,2
LF:22
LH:19
BRDA:19,0,0,0
BRDA:19,0,1,2
BRDA:22,1,0,0
BRDA:22,1,1,0
BRDA:23,2,0,0
BRDA:23,2,1,0
BRDA:24,3,0,0
BRDA:24,3,1,0
BRDA:43,4,0,1
BRDA:43,4,1,0
BRDA:72,5,0,1
BRDA:72,5,1,0
BRDA:72,6,0,0
BRDA:72,6,1,0
BRDA:72,7,0,0
BRDA:72,7,1,0
BRDA:73,8,0,1
BRDA:73,8,1,0
BRDA:73,9,0,0
BRDA:73,9,1,0
BRDA:73,10,0,0
BRDA:73,10,1,0
BRDA:74,11,0,1
BRDA:74,11,1,0
BRDA:74,12,0,0
BRDA:74,12,1,0
BRDA:74,13,0,0
BRDA:74,13,1,0
BRF:28
BRH:5
end_of_record
TN:
SF:src\repositories\posts.repository.ts
FN:6,(anonymous_7)
FN:19,(anonymous_8)
FN:29,(anonymous_10)
FN:34,(anonymous_11)
FN:37,(anonymous_12)
FN:46,(anonymous_14)
FN:63,(anonymous_16)
FN:79,(anonymous_18)
FNF:8
FNH:0
FNDA:0,(anonymous_7)
FNDA:0,(anonymous_8)
FNDA:0,(anonymous_10)
FNDA:0,(anonymous_11)
FNDA:0,(anonymous_12)
FNDA:0,(anonymous_14)
FNDA:0,(anonymous_16)
FNDA:0,(anonymous_18)
DA:1,1
DA:2,1
DA:6,1
DA:7,0
DA:18,1
DA:20,0
DA:21,0
DA:29,0
DA:31,0
DA:34,0
DA:38,0
DA:40,0
DA:41,0
DA:43,0
DA:47,0
DA:49,0
DA:59,0
DA:61,0
DA:64,0
DA:65,0
DA:77,0
DA:80,0
DA:81,0
DA:82,0
DA:84,0
LF:25
LH:4
BRDA:20,0,0,0
BRDA:20,0,1,0
BRDA:23,1,0,0
BRDA:23,1,1,0
BRDA:24,2,0,0
BRDA:24,2,1,0
BRDA:25,3,0,0
BRDA:25,3,1,0
BRDA:26,4,0,0
BRDA:26,4,1,0
BRDA:40,5,0,0
BRDA:40,5,1,0
BRDA:81,6,0,0
BRDA:81,6,1,0
BRF:14
BRH:0
end_of_record
