TN:
SF:__tests__\test.services\blogsTestsManager.ts
FN:8,(anonymous_7)
FN:14,(anonymous_9)
FN:15,(anonymous_10)
FN:45,(anonymous_11)
FN:46,(anonymous_12)
FNF:5
FNH:5
FNDA:2,(anonymous_7)
FNDA:3,(anonymous_9)
FNDA:3,(anonymous_10)
FNDA:3,(anonymous_11)
FNDA:3,(anonymous_12)
DA:1,1
DA:3,1
DA:4,1
DA:5,1
DA:7,1
DA:9,2
DA:12,2
DA:15,3
DA:19,3
DA:20,3
DA:23,3
DA:29,3
DA:31,1
DA:39,1
DA:43,3
DA:46,3
DA:51,3
DA:52,3
DA:55,3
DA:61,3
LF:20
LH:20
BRDA:17,0,0,0
BRDA:29,1,0,1
BRDA:49,2,0,0
BRF:3
BRH:1
end_of_record
TN:
SF:src\app.ts
FN:11,(anonymous_1)
FNF:1
FNH:0
FNDA:0,(anonymous_1)
DA:1,2
DA:2,2
DA:3,2
DA:5,2
DA:7,2
DA:9,2
DA:11,2
DA:12,0
DA:14,2
DA:15,2
LF:10
LH:9
BRF:0
BRH:0
end_of_record
TN:
SF:src\settings.ts
FNF:0
FNH:0
DA:1,2
DA:2,2
DA:4,2
LF:3
LH:3
BRDA:6,0,0,2
BRDA:6,0,1,0
BRF:2
BRH:1
end_of_record
TN:
SF:src\utils.ts
FN:1,(anonymous_0)
FNF:1
FNH:1
FNDA:2,(anonymous_0)
DA:1,2
DA:4,2
LF:2
LH:2
BRDA:5,0,0,0
BRDA:5,0,1,2
BRDA:6,1,0,0
BRDA:6,1,1,2
BRDA:7,2,0,0
BRDA:7,2,1,2
BRDA:8,3,0,0
BRDA:8,3,1,2
BRDA:9,4,0,0
BRDA:9,4,1,2
BRF:10
BRH:5
end_of_record
TN:
SF:src\db\db.ts
FN:38,runDb
FNF:1
FNH:0
FNDA:0,runDb
DA:1,2
DA:2,2
DA:28,2
DA:29,2
DA:30,0
DA:32,2
DA:33,2
DA:35,2
DA:36,2
DA:38,2
DA:39,0
DA:40,0
DA:41,0
DA:43,0
LF:14
LH:9
BRDA:29,0,0,0
BRF:1
BRH:0
end_of_record
TN:
SF:src\db\mock.ts
FNF:0
FNH:0
DA:1,1
DA:3,1
DA:166,1
LF:3
LH:3
BRF:0
BRH:0
end_of_record
TN:
SF:src\features\blogs\blogs.router.ts
FNF:0
FNH:0
DA:1,2
DA:2,2
DA:3,2
DA:4,2
DA:5,2
DA:6,2
DA:7,2
DA:8,2
DA:10,2
DA:18,2
DA:25,2
DA:33,2
DA:35,2
DA:36,2
DA:38,2
DA:48,2
LF:16
LH:16
BRF:0
BRH:0
end_of_record
TN:
SF:src\features\blogs\createBlogController.ts
FN:8,(anonymous_7)
FN:11,(anonymous_8)
FNF:2
FNH:2
FNDA:1,(anonymous_7)
FNDA:1,(anonymous_8)
DA:5,2
DA:6,2
DA:8,2
DA:11,1
DA:12,1
DA:13,1
DA:14,1
DA:15,1
LF:8
LH:8
BRF:0
BRH:0
end_of_record
TN:
SF:src\features\blogs\getBlogByIdController.ts
FN:6,(anonymous_7)
FN:9,(anonymous_8)
FNF:2
FNH:2
FNDA:2,(anonymous_7)
FNDA:2,(anonymous_8)
DA:3,2
DA:4,2
DA:6,2
DA:9,2
DA:10,2
DA:11,2
DA:13,2
LF:7
LH:7
BRDA:13,0,0,1
BRDA:13,0,1,1
BRF:2
BRH:2
end_of_record
TN:
SF:src\features\blogs\getBlogsController.ts
FN:11,(anonymous_7)
FN:14,(anonymous_8)
FNF:2
FNH:2
FNDA:2,(anonymous_7)
FNDA:2,(anonymous_8)
DA:3,2
DA:8,2
DA:9,2
DA:11,2
DA:14,2
DA:15,2
DA:17,2
DA:19,2
DA:20,2
LF:9
LH:9
BRF:0
BRH:0
end_of_record
TN:
SF:src\features\blogs\updateBlogController.ts
FN:8,(anonymous_7)
FN:11,(anonymous_8)
FNF:2
FNH:2
FNDA:1,(anonymous_7)
FNDA:1,(anonymous_8)
DA:5,2
DA:8,2
DA:11,1
DA:12,1
DA:13,1
DA:14,1
DA:19,1
LF:7
LH:7
BRF:0
BRH:0
end_of_record
TN:
SF:src\features\tests\tests.router.ts
FN:7,(anonymous_7)
FN:7,(anonymous_8)
FNF:2
FNH:2
FNDA:1,(anonymous_7)
FNDA:1,(anonymous_8)
DA:1,2
DA:2,2
DA:3,2
DA:5,2
DA:7,2
DA:8,1
DA:9,1
DA:10,1
LF:8
LH:8
BRF:0
BRH:0
end_of_record
TN:
SF:src\middlewares\authMiddleware.ts
FN:5,(anonymous_0)
FNF:1
FNH:1
FNDA:6,(anonymous_0)
DA:2,2
DA:3,2
DA:5,2
DA:10,6
DA:11,6
DA:12,0
DA:13,0
DA:15,6
DA:16,6
DA:18,6
DA:19,2
DA:20,2
DA:22,4
LF:13
LH:11
BRDA:11,0,0,0
BRDA:18,1,0,2
BRDA:18,2,0,6
BRDA:18,2,1,4
BRF:4
BRH:3
end_of_record
TN:
SF:src\middlewares\inputValidationMiddleware.ts
FN:5,(anonymous_0)
FN:11,(anonymous_1)
FNF:2
FNH:2
FNDA:4,(anonymous_0)
FNDA:6,(anonymous_1)
DA:2,2
DA:3,2
DA:5,2
DA:10,4
DA:12,6
DA:13,6
DA:20,4
DA:21,4
DA:22,2
DA:26,2
LF:10
LH:10
BRDA:21,0,0,2
BRDA:21,0,1,2
BRF:2
BRH:2
end_of_record
TN:
SF:src\repositories\blogs.repository.ts
FN:7,(anonymous_7)
FN:17,(anonymous_9)
FN:22,(anonymous_11)
FN:25,(anonymous_13)
FN:30,(anonymous_15)
FNF:5
FNH:5
FNDA:2,(anonymous_7)
FNDA:2,(anonymous_9)
FNDA:2,(anonymous_11)
FNDA:1,(anonymous_13)
FNDA:1,(anonymous_15)
DA:2,2
DA:6,2
DA:8,2
DA:18,2
DA:23,2
DA:26,1
DA:28,1
DA:31,1
DA:33,1
DA:48,1
LF:10
LH:10
BRDA:10,0,0,2
BRDA:10,0,1,2
BRDA:28,1,0,1
BRDA:28,1,1,0
BRDA:39,2,0,1
BRDA:39,2,1,0
BRDA:40,3,0,1
BRDA:40,3,1,0
BRDA:43,4,0,1
BRDA:43,4,1,0
BRDA:48,5,0,1
BRDA:48,5,1,0
BRF:12
BRH:7
end_of_record
TN:
SF:src\services\blogs.service.ts
FN:12,(anonymous_7)
FN:24,(anonymous_8)
FN:38,(anonymous_10)
FN:43,(anonymous_12)
FN:57,(anonymous_14)
FNF:5
FNH:5
FNDA:12,(anonymous_7)
FNDA:2,(anonymous_8)
FNDA:2,(anonymous_10)
FNDA:1,(anonymous_12)
FNDA:1,(anonymous_14)
DA:1,2
DA:9,2
DA:10,2
DA:12,2
DA:13,12
DA:23,2
DA:25,2
DA:26,2
DA:27,2
DA:28,2
DA:35,2
DA:39,2
DA:40,2
DA:44,1
DA:52,1
DA:54,1
DA:58,1
DA:60,1
LF:18
LH:18
BRDA:40,0,0,1
BRDA:40,0,1,1
BRDA:60,1,0,1
BRDA:60,1,1,0
BRF:4
BRH:3
end_of_record
